<?xml version="1.0" encoding="UTF-8"?>
<!-- Generated by org.testng.reporters.JUnitXMLReporter -->
<testsuite ignored="0" hostname="GayatriNayak" failures="0" tests="2" name="Error Validations Test" time="10.639" errors="0" timestamp="27 Feb 2024 06:22:10 GMT">
  <testcase classname="rahulshettyacademy.tests.ErrorValidationsTest" name="LoginErrorValidation" time="0.599"/>
  <testcase classname="rahulshettyacademy.tests.ErrorValidationsTest" name="ProductErrorValidation" time="3.746"/>
</testsuite> <!-- Error Validations Test -->
